<?xml version="1.0" encoding="UTF-8"?>
<!-- Generated by org.testng.reporters.JUnitReportReporter -->
<testsuite hostname="DESKTOP-6RBQBK2" failures="0" tests="1" name="testCases.HomePageTest" time="1.345" errors="0" timestamp="2022-02-09T22:24:26 IST" skipped="0">
  <testcase classname="testCases.HomePageTest" name="addProductToCart" time="1.345"/>
  <system-out/>
</testsuite> <!-- testCases.HomePageTest -->
