<?xml version="1.0" encoding="UTF-8"?>
<!-- Generated by org.testng.reporters.JUnitReportReporter -->
<testsuite hostname="DESKTOP-6RBQBK2" failures="0" tests="1" name="testCases.AddProductToCart" time="8.052" errors="0" timestamp="2022-02-09T16:08:16 IST" skipped="0">
  <testcase classname="testCases.AddProductToCart" name="addProductToCart" time="8.052"/>
  <system-out/>
</testsuite> <!-- testCases.AddProductToCart -->
