<?xml version="1.0" encoding="UTF-8"?>
<!-- Generated by org.testng.reporters.JUnitReportReporter -->
<testsuite hostname="DESKTOP-6RBQBK2" failures="0" tests="1" name="testCases.HomePageTestAPIDemo" time="5.414" errors="0" timestamp="2022-02-09T22:45:35 IST" skipped="0">
  <testcase classname="testCases.HomePageTestAPIDemo" name="addProductToCart" time="5.414"/>
  <system-out/>
</testsuite> <!-- testCases.HomePageTestAPIDemo -->
