<?xml version="1.0" encoding="UTF-8"?>
<!-- Generated by org.testng.reporters.JUnitReportReporter -->
<testsuite hostname="DESKTOP-6RBQBK2" failures="0" tests="1" name="testCases.APIDemoTest" time="36.138" errors="0" timestamp="2022-02-10T23:14:03 IST" skipped="0">
  <testcase classname="testCases.APIDemoTest" name="DemoAppTC_01" time="36.138"/>
  <system-out/>
</testsuite> <!-- testCases.APIDemoTest -->
