<?xml version="1.0" encoding="UTF-8"?>
<!-- Generated by org.testng.reporters.JUnitReportReporter -->
<testsuite hostname="DESKTOP-6RBQBK2" failures="0" tests="1" name="testCases.GSTest" time="28.066" errors="0" timestamp="2022-02-10T23:23:35 IST" skipped="0">
  <testcase classname="testCases.GSTest" name="addProductToCart" time="28.066"/>
  <system-out/>
</testsuite> <!-- testCases.GSTest -->
